IP Upgrade report for MKRVIDOR4000
Sun Aug 16 17:11:50 2020
Quartus Prime Version 18.1.0 Build 625 09/12/2018 SJ Lite Edition


---------------------
; Table of Contents ;
---------------------
  1. Legal Notice
  2. IP Upgrade Summary
  3. Successfully Upgraded IP Components
  4. IP Upgrade Messages



----------------
; Legal Notice ;
----------------
Copyright (C) 2018  Intel Corporation. All rights reserved.
Your use of Intel Corporation's design tools, logic functions 
and other software and tools, and its AMPP partner logic 
functions, and any output files from any of the foregoing 
(including device programming or simulation files), and any 
associated documentation or information are expressly subject 
to the terms and conditions of the Intel Program License 
Subscription Agreement, the Intel Quartus Prime License Agreement,
the Intel FPGA IP License Agreement, or other applicable license
agreement, including, without limitation, that your use is for
the sole purpose of programming logic devices manufactured by
Intel and sold by Intel or its authorized distributors.  Please
refer to the applicable agreement for further details.



+----------------------------------------------------------------------------+
; IP Upgrade Summary                                                         ;
+------------------------------+---------------------------------------------+
; IP Components Upgrade Status ; Passed - Sun Aug 16 17:11:50 2020           ;
; Quartus Prime Version        ; 18.1.0 Build 625 09/12/2018 SJ Lite Edition ;
; Revision Name                ; MKRVIDOR4000                                ;
; Top-level Entity Name        ; MKRVIDOR4000_top                            ;
; Family                       ; Cyclone 10 LP                               ;
+------------------------------+---------------------------------------------+


+---------------------------------------------------------------------------------------------------------------------------------------------------------------+
; Successfully Upgraded IP Components                                                                                                                           ;
+-------------+----------------+---------+------------------------------------+----------------------------------+------------------------------------+---------+
; Entity Name ; Component Name ; Version ; Original Source File               ; Generation File Path             ; New Source File                    ; Message ;
+-------------+----------------+---------+------------------------------------+----------------------------------+------------------------------------+---------+
; SYSTEM_PLL  ; ALTPLL         ; 18.0    ; ../../ip/SYSTEM_PLL/SYSTEM_PLL.qip ; ../../ip/SYSTEM_PLL/SYSTEM_PLL.v ; ../../ip/SYSTEM_PLL/SYSTEM_PLL.qip ;         ;
+-------------+----------------+---------+------------------------------------+----------------------------------+------------------------------------+---------+


+---------------------+
; IP Upgrade Messages ;
+---------------------+
Info (11902): Backing up file "../../ip/SYSTEM_PLL/SYSTEM_PLL.v" to "../../ip/SYSTEM_PLL/SYSTEM_PLL.BAK.v"
Info (11837): Started upgrading IP component ALTPLL with file "../../ip/SYSTEM_PLL/SYSTEM_PLL.v"
Info (11131): Completed upgrading IP component ALTPLL with file "../../ip/SYSTEM_PLL/SYSTEM_PLL.v"
Info (23030): Evaluation of Tcl script c:/intelfpga_lite/18.1/quartus/common/tcl/internal/ip_regen/ip_regen.tcl was successful
Info: Quartus Prime Shell was successful. 0 errors, 0 warnings
    Info: Peak virtual memory: 4807 megabytes
    Info: Processing ended: Sun Aug 16 17:11:50 2020
    Info: Elapsed time: 00:00:32
    Info: Total CPU time (on all processors): 00:00:56


